<?xml version="1.0" encoding="UTF-8"?>
<!-- Generated by org.testng.reporters.JUnitReportReporter -->
<testsuite hostname="DESKTOP-H9IUE0E" failures="0" tests="1" name="testingbaba_tests.CheckBox_Test" time="1.092" errors="0" timestamp="18 Feb 2023 14:39:22 GMT" skipped="0">
  <testcase classname="testingbaba_tests.CheckBox_Test" name="isCheckBox_checked" time="1.092"/>
</testsuite> <!-- testingbaba_tests.CheckBox_Test -->
