<?xml version="1.0" encoding="UTF-8"?>
<!-- Generated by org.testng.reporters.JUnitReportReporter -->
<testsuite hostname="DESKTOP-H9IUE0E" failures="0" tests="1" name="testingbaba_tests.Buttons_Tests" time="40.669" errors="0" timestamp="18 Feb 2023 15:37:18 GMT" skipped="0">
  <testcase classname="testingbaba_tests.Buttons_Tests" name="elementbutton" time="40.669"/>
</testsuite> <!-- testingbaba_tests.Buttons_Tests -->
