<?xml version="1.0" encoding="UTF-8"?>
<!-- Generated by org.testng.reporters.JUnitReportReporter -->
<testsuite hostname="DESKTOP-H9IUE0E" failures="0" tests="1" name="testingbaba_tests.RadioButton_Tests" time="0.488" errors="0" timestamp="18 Feb 2023 14:39:22 GMT" skipped="0">
  <testcase classname="testingbaba_tests.RadioButton_Tests" name="isRadioButton_clicked" time="0.488"/>
</testsuite> <!-- testingbaba_tests.RadioButton_Tests -->
