<?xml version="1.0" encoding="UTF-8"?>
<!-- Generated by org.testng.reporters.JUnitReportReporter -->
<testsuite hostname="DESKTOP-H9IUE0E" failures="0" tests="1" name="testingbaba_tests.Buttons_Tests" time="0.935" errors="0" timestamp="24 Feb 2023 18:01:29 GMT" skipped="0">
  <testcase classname="testingbaba_tests.Buttons_Tests" name="elementbutton" time="0.935"/>
</testsuite> <!-- testingbaba_tests.Buttons_Tests -->
