<?xml version="1.0" encoding="UTF-8"?>
<!-- Generated by org.testng.reporters.JUnitReportReporter -->
<testsuite hostname="DESKTOP-H9IUE0E" failures="0" tests="1" name="testingbaba_tests.Textbox_Test" time="4.057" errors="0" timestamp="18 Feb 2023 14:39:22 GMT" skipped="0">
  <testcase classname="testingbaba_tests.Textbox_Test" name="isTexbox_textSent" time="4.057"/>
</testsuite> <!-- testingbaba_tests.Textbox_Test -->
