<?xml version="1.0" encoding="UTF-8"?>
<!-- Generated by org.testng.reporters.JUnitReportReporter -->
<testsuite hostname="DESKTOP-H9IUE0E" failures="0" tests="1" name="testingbaba_tests.UploadDownload_Tests" time="4.675" errors="0" timestamp="08 Mar 2023 18:48:50 GMT" skipped="0">
  <testcase classname="testingbaba_tests.UploadDownload_Tests" name="ClickElementButton" time="4.675"/>
</testsuite> <!-- testingbaba_tests.UploadDownload_Tests -->
