<?xml version="1.0" encoding="UTF-8"?>
<!-- Generated by org.testng.reporters.JUnitReportReporter -->
<testsuite hostname="DESKTOP-H9IUE0E" failures="0" tests="1" name="testingbaba_tests.WebTables_Tests" time="2.352" errors="0" timestamp="18 Feb 2023 14:39:22 GMT" skipped="0">
  <testcase classname="testingbaba_tests.WebTables_Tests" name="isWebtable_textsent" time="2.352"/>
</testsuite> <!-- testingbaba_tests.WebTables_Tests -->
